# JRE version: OpenJDK Runtime Environment Temurin-17.0.4.1+1 (17.0.4.1+1) (build 17.0.4.1+1)
# Java VM: OpenJDK 64-Bit Server VM Temurin-17.0.4.1+1 (17.0.4.1+1, mixed mode, tiered, compressed oops, compressed class ptrs, parallel gc, windows-amd64)
GC Precious Log:
 CPUs: 20 total, 20 available
 Memory: 16125M
 Large Page Support: Disabled
 NUMA Support: Disabled
 Compressed Oops: Enabled (32-bit)
 Alignments: Space 512K, Generation 512K, Heap 2M
 Heap Min Capacity: 100M
 Heap Initial Capacity: 100M
 Heap Max Capacity: 1G
 Pre-touch: Disabled
 Parallel Workers: 15
Heap:
 PSYoungGen      total 15872K, used 6001K [0x00000000eab00000, 0x00000000ebe80000, 0x0000000100000000)
  eden space 14848K, 33% used [0x00000000eab00000,0x00000000eafe06b0,0x00000000eb980000)
  from space 1024K, 98% used [0x00000000ebb80000,0x00000000ebc7be58,0x00000000ebc80000)
  to   space 2048K, 0% used [0x00000000eb980000,0x00000000eb980000,0x00000000ebb80000)
 ParOldGen       total 103424K, used 98060K [0x00000000c0000000, 0x00000000c6500000, 0x00000000eab00000)
  object space 103424K, 94% used [0x00000000c0000000,0x00000000c5fc3280,0x00000000c6500000)
 Metaspace       used 76186K, committed 77504K, reserved 1122304K
  class space    used 8772K, committed 9408K, reserved 1048576K
GC Heap History (20 events):
Event: 79.249 GC heap before
{Heap before GC invocations=80 (full 4):
 PSYoungGen      total 17920K, used 17408K [0x00000000eab00000, 0x00000000ec080000, 0x0000000100000000)
  eden space 17408K, 100% used [0x00000000eab00000,0x00000000ebc00000,0x00000000ebc00000)
  from space 512K, 0% used [0x00000000ec000000,0x00000000ec000000,0x00000000ec080000)
  to   space 2048K, 0% used [0x00000000ebc80000,0x00000000ebc80000,0x00000000ebe80000)
 ParOldGen       total 91648K, used 64925K [0x00000000c0000000, 0x00000000c5980000, 0x00000000eab00000)
  object space 91648K, 70% used [0x00000000c0000000,0x00000000c3f67528,0x00000000c5980000)
 Metaspace       used 73654K, committed 74816K, reserved 1122304K
  class space    used 8594K, committed 9216K, reserved 1048576K
}
Event: 79.250 GC heap after
{Heap after GC invocations=80 (full 4):
 PSYoungGen      total 19456K, used 1744K [0x00000000eab00000, 0x00000000ec080000, 0x0000000100000000)
  eden space 17408K, 0% used [0x00000000eab00000,0x00000000eab00000,0x00000000ebc00000)
  from space 2048K, 85% used [0x00000000ebc80000,0x00000000ebe34010,0x00000000ebe80000)
  to   space 2048K, 0% used [0x00000000ebe80000,0x00000000ebe80000,0x00000000ec080000)
 ParOldGen       total 91648K, used 64933K [0x00000000c0000000, 0x00000000c5980000, 0x00000000eab00000)
  object space 91648K, 70% used [0x00000000c0000000,0x00000000c3f69528,0x00000000c5980000)
 Metaspace       used 73654K, committed 74816K, reserved 1122304K
  class space    used 8594K, committed 9216K, reserved 1048576K
}
Event: 80.317 GC heap before
{Heap before GC invocations=81 (full 4):
 PSYoungGen      total 19456K, used 19152K [0x00000000eab00000, 0x00000000ec080000, 0x0000000100000000)
  eden space 17408K, 100% used [0x00000000eab00000,0x00000000ebc00000,0x00000000ebc00000)
  from space 2048K, 85% used [0x00000000ebc80000,0x00000000ebe34010,0x00000000ebe80000)
  to   space 2048K, 0% used [0x00000000ebe80000,0x00000000ebe80000,0x00000000ec080000)
 ParOldGen       total 91648K, used 64933K [0x00000000c0000000, 0x00000000c5980000, 0x00000000eab00000)
  object space 91648K, 70% used [0x00000000c0000000,0x00000000c3f69528,0x00000000c5980000)
 Metaspace       used 73869K, committed 75072K, reserved 1122304K
  class space    used 8598K, committed 9216K, reserved 1048576K
}
Event: 80.318 GC heap after
{Heap after GC invocations=81 (full 4):
 PSYoungGen      total 17920K, used 2032K [0x00000000eab00000, 0x00000000ec400000, 0x0000000100000000)
  eden space 15872K, 0% used [0x00000000eab00000,0x00000000eab00000,0x00000000eba80000)
  from space 2048K, 99% used [0x00000000ebe80000,0x00000000ec07c010,0x00000000ec080000)
  to   space 4096K, 0% used [0x00000000eba80000,0x00000000eba80000,0x00000000ebe80000)
 ParOldGen       total 91648K, used 66369K [0x00000000c0000000, 0x00000000c5980000, 0x00000000eab00000)
  object space 91648K, 72% used [0x00000000c0000000,0x00000000c40d0538,0x00000000c5980000)
 Metaspace       used 73869K, committed 75072K, reserved 1122304K
  class space    used 8598K, committed 9216K, reserved 1048576K
}
Event: 80.452 GC heap before
{Heap before GC invocations=82 (full 4):
 PSYoungGen      total 17920K, used 17904K [0x00000000eab00000, 0x00000000ec400000, 0x0000000100000000)
  eden space 15872K, 100% used [0x00000000eab00000,0x00000000eba80000,0x00000000eba80000)
  from space 2048K, 99% used [0x00000000ebe80000,0x00000000ec07c010,0x00000000ec080000)
  to   space 4096K, 0% used [0x00000000eba80000,0x00000000eba80000,0x00000000ebe80000)
 ParOldGen       total 91648K, used 66369K [0x00000000c0000000, 0x00000000c5980000, 0x00000000eab00000)
  object space 91648K, 72% used [0x00000000c0000000,0x00000000c40d0538,0x00000000c5980000)
 Metaspace       used 74118K, committed 75328K, reserved 1122304K
  class space    used 8618K, committed 9216K, reserved 1048576K
}
Event: 80.453 GC heap after
{Heap after GC invocations=82 (full 4):
 PSYoungGen      total 17920K, used 1600K [0x00000000eab00000, 0x00000000ebf80000, 0x0000000100000000)
  eden space 15872K, 0% used [0x00000000eab00000,0x00000000eab00000,0x00000000eba80000)
  from space 2048K, 78% used [0x00000000eba80000,0x00000000ebc10000,0x00000000ebc80000)
  to   space 2560K, 0% used [0x00000000ebd00000,0x00000000ebd00000,0x00000000ebf80000)
 ParOldGen       total 91648K, used 68065K [0x00000000c0000000, 0x00000000c5980000, 0x00000000eab00000)
  object space 91648K, 74% used [0x00000000c0000000,0x00000000c4278548,0x00000000c5980000)
 Metaspace       used 74118K, committed 75328K, reserved 1122304K
  class space    used 8618K, committed 9216K, reserved 1048576K
}
Event: 81.433 GC heap before
{Heap before GC invocations=83 (full 4):
 PSYoungGen      total 17920K, used 17472K [0x00000000eab00000, 0x00000000ebf80000, 0x0000000100000000)
  eden space 15872K, 100% used [0x00000000eab00000,0x00000000eba80000,0x00000000eba80000)
  from space 2048K, 78% used [0x00000000eba80000,0x00000000ebc10000,0x00000000ebc80000)
  to   space 2560K, 0% used [0x00000000ebd00000,0x00000000ebd00000,0x00000000ebf80000)
 ParOldGen       total 91648K, used 68065K [0x00000000c0000000, 0x00000000c5980000, 0x00000000eab00000)
  object space 91648K, 74% used [0x00000000c0000000,0x00000000c4278548,0x00000000c5980000)
 Metaspace       used 74266K, committed 75456K, reserved 1122304K
  class space    used 8622K, committed 9216K, reserved 1048576K
}
Event: 81.434 GC heap after
{Heap after GC invocations=83 (full 4):
 PSYoungGen      total 17408K, used 1424K [0x00000000eab00000, 0x00000000ebe80000, 0x0000000100000000)
  eden space 15872K, 0% used [0x00000000eab00000,0x00000000eab00000,0x00000000eba80000)
  from space 1536K, 92% used [0x00000000ebd00000,0x00000000ebe64010,0x00000000ebe80000)
  to   space 2048K, 0% used [0x00000000eba80000,0x00000000eba80000,0x00000000ebc80000)
 ParOldGen       total 91648K, used 69489K [0x00000000c0000000, 0x00000000c5980000, 0x00000000eab00000)
  object space 91648K, 75% used [0x00000000c0000000,0x00000000c43dc558,0x00000000c5980000)
 Metaspace       used 74266K, committed 75456K, reserved 1122304K
  class space    used 8622K, committed 9216K, reserved 1048576K
}
Event: 82.273 GC heap before
{Heap before GC invocations=84 (full 4):
 PSYoungGen      total 17408K, used 17296K [0x00000000eab00000, 0x00000000ebe80000, 0x0000000100000000)
  eden space 15872K, 100% used [0x00000000eab00000,0x00000000eba80000,0x00000000eba80000)
  from space 1536K, 92% used [0x00000000ebd00000,0x00000000ebe64010,0x00000000ebe80000)
  to   space 2048K, 0% used [0x00000000eba80000,0x00000000eba80000,0x00000000ebc80000)
 ParOldGen       total 91648K, used 69489K [0x00000000c0000000, 0x00000000c5980000, 0x00000000eab00000)
  object space 91648K, 75% used [0x00000000c0000000,0x00000000c43dc558,0x00000000c5980000)
 Metaspace       used 74428K, committed 75584K, reserved 1122304K
  class space    used 8625K, committed 9216K, reserved 1048576K
}
Event: 82.274 GC heap after
{Heap after GC invocations=84 (full 4):
 PSYoungGen      total 17408K, used 1248K [0x00000000eab00000, 0x00000000ebd80000, 0x0000000100000000)
  eden space 15872K, 0% used [0x00000000eab00000,0x00000000eab00000,0x00000000eba80000)
  from space 1536K, 81% used [0x00000000eba80000,0x00000000ebbb8000,0x00000000ebc00000)
  to   space 1536K, 0% used [0x00000000ebc00000,0x00000000ebc00000,0x00000000ebd80000)
 ParOldGen       total 91648K, used 70593K [0x00000000c0000000, 0x00000000c5980000, 0x00000000eab00000)
  object space 91648K, 77% used [0x00000000c0000000,0x00000000c44f0568,0x00000000c5980000)
 Metaspace       used 74428K, committed 75584K, reserved 1122304K
  class space    used 8625K, committed 9216K, reserved 1048576K
}
Event: 83.073 GC heap before
{Heap before GC invocations=85 (full 4):
 PSYoungGen      total 17408K, used 17120K [0x00000000eab00000, 0x00000000ebd80000, 0x0000000100000000)
  eden space 15872K, 100% used [0x00000000eab00000,0x00000000eba80000,0x00000000eba80000)
  from space 1536K, 81% used [0x00000000eba80000,0x00000000ebbb8000,0x00000000ebc00000)
  to   space 1536K, 0% used [0x00000000ebc00000,0x00000000ebc00000,0x00000000ebd80000)
 ParOldGen       total 91648K, used 70593K [0x00000000c0000000, 0x00000000c5980000, 0x00000000eab00000)
  object space 91648K, 77% used [0x00000000c0000000,0x00000000c44f0568,0x00000000c5980000)
 Metaspace       used 75048K, committed 76288K, reserved 1122304K
  class space    used 8678K, committed 9280K, reserved 1048576K
}
Event: 83.073 GC heap after
{Heap after GC invocations=85 (full 4):
 PSYoungGen      total 17408K, used 1120K [0x00000000eab00000, 0x00000000ebd80000, 0x0000000100000000)
  eden space 15872K, 0% used [0x00000000eab00000,0x00000000eab00000,0x00000000eba80000)
  from space 1536K, 72% used [0x00000000ebc00000,0x00000000ebd18000,0x00000000ebd80000)
  to   space 1536K, 0% used [0x00000000eba80000,0x00000000eba80000,0x00000000ebc00000)
 ParOldGen       total 91648K, used 71673K [0x00000000c0000000, 0x00000000c5980000, 0x00000000eab00000)
  object space 91648K, 78% used [0x00000000c0000000,0x00000000c45fe568,0x00000000c5980000)
 Metaspace       used 75048K, committed 76288K, reserved 1122304K
  class space    used 8678K, committed 9280K, reserved 1048576K
}
Event: 84.099 GC heap before
{Heap before GC invocations=86 (full 4):
 PSYoungGen      total 17408K, used 16992K [0x00000000eab00000, 0x00000000ebd80000, 0x0000000100000000)
  eden space 15872K, 100% used [0x00000000eab00000,0x00000000eba80000,0x00000000eba80000)
  from space 1536K, 72% used [0x00000000ebc00000,0x00000000ebd18000,0x00000000ebd80000)
  to   space 1536K, 0% used [0x00000000eba80000,0x00000000eba80000,0x00000000ebc00000)
 ParOldGen       total 91648K, used 71673K [0x00000000c0000000, 0x00000000c5980000, 0x00000000eab00000)
  object space 91648K, 78% used [0x00000000c0000000,0x00000000c45fe568,0x00000000c5980000)
 Metaspace       used 75207K, committed 76480K, reserved 1122304K
  class space    used 8685K, committed 9344K, reserved 1048576K
}
Event: 84.100 GC heap after
{Heap after GC invocations=86 (full 4):
 PSYoungGen      total 17408K, used 1216K [0x00000000eab00000, 0x00000000ebd80000, 0x0000000100000000)
  eden space 15872K, 0% used [0x00000000eab00000,0x00000000eab00000,0x00000000eba80000)
  from space 1536K, 79% used [0x00000000eba80000,0x00000000ebbb0000,0x00000000ebc00000)
  to   space 1536K, 0% used [0x00000000ebc00000,0x00000000ebc00000,0x00000000ebd80000)
 ParOldGen       total 91648K, used 72622K [0x00000000c0000000, 0x00000000c5980000, 0x00000000eab00000)
  object space 91648K, 79% used [0x00000000c0000000,0x00000000c46eb860,0x00000000c5980000)
 Metaspace       used 75207K, committed 76480K, reserved 1122304K
  class space    used 8685K, committed 9344K, reserved 1048576K
}
Event: 85.647 GC heap before
{Heap before GC invocations=87 (full 4):
 PSYoungGen      total 17408K, used 14557K [0x00000000eab00000, 0x00000000ebd80000, 0x0000000100000000)
  eden space 15872K, 84% used [0x00000000eab00000,0x00000000eb8074d0,0x00000000eba80000)
  from space 1536K, 79% used [0x00000000eba80000,0x00000000ebbb0000,0x00000000ebc00000)
  to   space 1536K, 0% used [0x00000000ebc00000,0x00000000ebc00000,0x00000000ebd80000)
 ParOldGen       total 91648K, used 72622K [0x00000000c0000000, 0x00000000c5980000, 0x00000000eab00000)
  object space 91648K, 79% used [0x00000000c0000000,0x00000000c46eb860,0x00000000c5980000)
 Metaspace       used 75873K, committed 77184K, reserved 1122304K
  class space    used 8751K, committed 9408K, reserved 1048576K
}
Event: 85.648 GC heap after
{Heap after GC invocations=87 (full 4):
 PSYoungGen      total 17408K, used 1313K [0x00000000eab00000, 0x00000000ebd80000, 0x0000000100000000)
  eden space 15872K, 0% used [0x00000000eab00000,0x00000000eab00000,0x00000000eba80000)
  from space 1536K, 85% used [0x00000000ebc00000,0x00000000ebd48518,0x00000000ebd80000)
  to   space 1536K, 0% used [0x00000000eba80000,0x00000000eba80000,0x00000000ebc00000)
 ParOldGen       total 91648K, used 73498K [0x00000000c0000000, 0x00000000c5980000, 0x00000000eab00000)
  object space 91648K, 80% used [0x00000000c0000000,0x00000000c47c6870,0x00000000c5980000)
 Metaspace       used 75873K, committed 77184K, reserved 1122304K
  class space    used 8751K, committed 9408K, reserved 1048576K
}
Event: 85.690 GC heap before
{Heap before GC invocations=88 (full 4):
 PSYoungGen      total 17408K, used 17185K [0x00000000eab00000, 0x00000000ebd80000, 0x0000000100000000)
  eden space 15872K, 100% used [0x00000000eab00000,0x00000000eba80000,0x00000000eba80000)
  from space 1536K, 85% used [0x00000000ebc00000,0x00000000ebd48518,0x00000000ebd80000)
  to   space 1536K, 0% used [0x00000000eba80000,0x00000000eba80000,0x00000000ebc00000)
 ParOldGen       total 103424K, used 96538K [0x00000000c0000000, 0x00000000c6500000, 0x00000000eab00000)
  object space 103424K, 93% used [0x00000000c0000000,0x00000000c5e46890,0x00000000c6500000)
 Metaspace       used 75914K, committed 77184K, reserved 1122304K
  class space    used 8754K, committed 9408K, reserved 1048576K
}
Event: 85.691 GC heap after
{Heap after GC invocations=88 (full 4):
 PSYoungGen      total 16384K, used 448K [0x00000000eab00000, 0x00000000ebc80000, 0x0000000100000000)
  eden space 15872K, 0% used [0x00000000eab00000,0x00000000eab00000,0x00000000eba80000)
  from space 512K, 87% used [0x00000000eba80000,0x00000000ebaf0000,0x00000000ebb00000)
  to   space 1024K, 0% used [0x00000000ebb80000,0x00000000ebb80000,0x00000000ebc80000)
 ParOldGen       total 103424K, used 97528K [0x00000000c0000000, 0x00000000c6500000, 0x00000000eab00000)
  object space 103424K, 94% used [0x00000000c0000000,0x00000000c5f3e290,0x00000000c6500000)
 Metaspace       used 75914K, committed 77184K, reserved 1122304K
  class space    used 8754K, committed 9408K, reserved 1048576K
}
Event: 85.798 GC heap before
{Heap before GC invocations=89 (full 4):
 PSYoungGen      total 16384K, used 16320K [0x00000000eab00000, 0x00000000ebc80000, 0x0000000100000000)
  eden space 15872K, 100% used [0x00000000eab00000,0x00000000eba80000,0x00000000eba80000)
  from space 512K, 87% used [0x00000000eba80000,0x00000000ebaf0000,0x00000000ebb00000)
  to   space 1024K, 0% used [0x00000000ebb80000,0x00000000ebb80000,0x00000000ebc80000)
 ParOldGen       total 103424K, used 97528K [0x00000000c0000000, 0x00000000c6500000, 0x00000000eab00000)
  object space 103424K, 94% used [0x00000000c0000000,0x00000000c5f3e290,0x00000000c6500000)
 Metaspace       used 76108K, committed 77440K, reserved 1122304K
  class space    used 8768K, committed 9408K, reserved 1048576K
}
Event: 85.799 GC heap after
{Heap after GC invocations=89 (full 4):
 PSYoungGen      total 15872K, used 1007K [0x00000000eab00000, 0x00000000ebe80000, 0x0000000100000000)
  eden space 14848K, 0% used [0x00000000eab00000,0x00000000eab00000,0x00000000eb980000)
  from space 1024K, 98% used [0x00000000ebb80000,0x00000000ebc7be58,0x00000000ebc80000)
  to   space 2048K, 0% used [0x00000000eb980000,0x00000000eb980000,0x00000000ebb80000)
 ParOldGen       total 103424K, used 98060K [0x00000000c0000000, 0x00000000c6500000, 0x00000000eab00000)
  object space 103424K, 94% used [0x00000000c0000000,0x00000000c5fc3280,0x00000000c6500000)
 Metaspace       used 76108K, committed 77440K, reserved 1122304K
  class space    used 8768K, committed 9408K, reserved 1048576K
}

