# JRE version: OpenJDK Runtime Environment (17.0.9) (build 17.0.9+0--11185874)
# Java VM: OpenJDK 64-Bit Server VM (17.0.9+0--11185874, mixed mode, tiered, compressed oops, compressed class ptrs, g1 gc, windows-amd64)
GC Precious Log:
 CPUs: 20 total, 20 available
 Memory: 16125M
 Large Page Support: Disabled
 NUMA Support: Disabled
 Compressed Oops: Enabled (32-bit)
 Heap Region Size: 1M
 Heap Min Capacity: 8M
 Heap Initial Capacity: 252M
 Heap Max Capacity: 2G
 Pre-touch: Disabled
 Parallel Workers: 15
 Concurrent Workers: 4
 Concurrent Refinement Workers: 15
 Periodic GC: Disabled
Heap:
 garbage-first heap   total 113664K, used 61340K [0x0000000080000000, 0x0000000100000000)
  region size 1024K, 13 young (13312K), 4 survivors (4096K)
 Metaspace       used 51455K, committed 51904K, reserved 1114112K
  class space    used 6802K, committed 7040K, reserved 1048576K
GC Heap History (20 events):
Event: 5.509 GC heap before
{Heap before GC invocations=11 (full 0):
 garbage-first heap   total 68608K, used 49622K [0x0000000080000000, 0x0000000100000000)
  region size 1024K, 15 young (15360K), 2 survivors (2048K)
 Metaspace       used 37841K, committed 38144K, reserved 1114112K
  class space    used 5112K, committed 5248K, reserved 1048576K
}
Event: 5.510 GC heap after
{Heap after GC invocations=12 (full 0):
 garbage-first heap   total 68608K, used 38409K [0x0000000080000000, 0x0000000100000000)
  region size 1024K, 2 young (2048K), 2 survivors (2048K)
 Metaspace       used 37841K, committed 38144K, reserved 1114112K
  class space    used 5112K, committed 5248K, reserved 1048576K
}
Event: 5.589 GC heap before
{Heap before GC invocations=12 (full 0):
 garbage-first heap   total 68608K, used 53769K [0x0000000080000000, 0x0000000100000000)
  region size 1024K, 18 young (18432K), 2 survivors (2048K)
 Metaspace       used 38456K, committed 38784K, reserved 1114112K
  class space    used 5178K, committed 5312K, reserved 1048576K
}
Event: 5.590 GC heap after
{Heap after GC invocations=13 (full 0):
 garbage-first heap   total 68608K, used 39086K [0x0000000080000000, 0x0000000100000000)
  region size 1024K, 2 young (2048K), 2 survivors (2048K)
 Metaspace       used 38456K, committed 38784K, reserved 1114112K
  class space    used 5178K, committed 5312K, reserved 1048576K
}
Event: 5.744 GC heap before
{Heap before GC invocations=14 (full 0):
 garbage-first heap   total 68608K, used 54446K [0x0000000080000000, 0x0000000100000000)
  region size 1024K, 18 young (18432K), 2 survivors (2048K)
 Metaspace       used 40538K, committed 40896K, reserved 1114112K
  class space    used 5566K, committed 5696K, reserved 1048576K
}
Event: 5.747 GC heap after
{Heap after GC invocations=15 (full 0):
 garbage-first heap   total 82944K, used 40445K [0x0000000080000000, 0x0000000100000000)
  region size 1024K, 3 young (3072K), 3 survivors (3072K)
 Metaspace       used 40538K, committed 40896K, reserved 1114112K
  class space    used 5566K, committed 5696K, reserved 1048576K
}
Event: 6.242 GC heap before
{Heap before GC invocations=15 (full 0):
 garbage-first heap   total 82944K, used 65021K [0x0000000080000000, 0x0000000100000000)
  region size 1024K, 28 young (28672K), 3 survivors (3072K)
 Metaspace       used 46719K, committed 47104K, reserved 1114112K
  class space    used 6252K, committed 6464K, reserved 1048576K
}
Event: 6.244 GC heap after
{Heap after GC invocations=16 (full 0):
 garbage-first heap   total 82944K, used 43657K [0x0000000080000000, 0x0000000100000000)
  region size 1024K, 4 young (4096K), 4 survivors (4096K)
 Metaspace       used 46719K, committed 47104K, reserved 1114112K
  class space    used 6252K, committed 6464K, reserved 1048576K
}
Event: 6.330 GC heap before
{Heap before GC invocations=17 (full 0):
 garbage-first heap   total 82944K, used 51849K [0x0000000080000000, 0x0000000100000000)
  region size 1024K, 14 young (14336K), 4 survivors (4096K)
 Metaspace       used 47679K, committed 48064K, reserved 1114112K
  class space    used 6365K, committed 6528K, reserved 1048576K
}
Event: 6.332 GC heap after
{Heap after GC invocations=18 (full 0):
 garbage-first heap   total 82944K, used 45640K [0x0000000080000000, 0x0000000100000000)
  region size 1024K, 2 young (2048K), 2 survivors (2048K)
 Metaspace       used 47679K, committed 48064K, reserved 1114112K
  class space    used 6365K, committed 6528K, reserved 1048576K
}
Event: 6.510 GC heap before
{Heap before GC invocations=19 (full 0):
 garbage-first heap   total 83968K, used 67144K [0x0000000080000000, 0x0000000100000000)
  region size 1024K, 21 young (21504K), 2 survivors (2048K)
 Metaspace       used 49037K, committed 49408K, reserved 1114112K
  class space    used 6463K, committed 6592K, reserved 1048576K
}
Event: 6.511 GC heap after
{Heap after GC invocations=20 (full 0):
 garbage-first heap   total 83968K, used 46188K [0x0000000080000000, 0x0000000100000000)
  region size 1024K, 2 young (2048K), 2 survivors (2048K)
 Metaspace       used 49037K, committed 49408K, reserved 1114112K
  class space    used 6463K, committed 6592K, reserved 1048576K
}
Event: 6.749 GC heap before
{Heap before GC invocations=20 (full 0):
 garbage-first heap   total 83968K, used 63596K [0x0000000080000000, 0x0000000100000000)
  region size 1024K, 20 young (20480K), 2 survivors (2048K)
 Metaspace       used 51157K, committed 51648K, reserved 1114112K
  class space    used 6803K, committed 7040K, reserved 1048576K
}
Event: 6.750 GC heap after
{Heap after GC invocations=21 (full 0):
 garbage-first heap   total 83968K, used 46960K [0x0000000080000000, 0x0000000100000000)
  region size 1024K, 2 young (2048K), 2 survivors (2048K)
 Metaspace       used 51157K, committed 51648K, reserved 1114112K
  class space    used 6803K, committed 7040K, reserved 1048576K
}
Event: 6.793 GC heap before
{Heap before GC invocations=22 (full 0):
 garbage-first heap   total 94208K, used 62320K [0x0000000080000000, 0x0000000100000000)
  region size 1024K, 12 young (12288K), 2 survivors (2048K)
 Metaspace       used 51292K, committed 51776K, reserved 1114112K
  class space    used 6805K, committed 7040K, reserved 1048576K
}
Event: 6.795 GC heap after
{Heap after GC invocations=23 (full 0):
 garbage-first heap   total 94208K, used 50521K [0x0000000080000000, 0x0000000100000000)
  region size 1024K, 2 young (2048K), 2 survivors (2048K)
 Metaspace       used 51292K, committed 51776K, reserved 1114112K
  class space    used 6805K, committed 7040K, reserved 1048576K
}
Event: 6.868 GC heap before
{Heap before GC invocations=24 (full 0):
 garbage-first heap   total 94208K, used 66905K [0x0000000080000000, 0x0000000100000000)
  region size 1024K, 19 young (19456K), 2 survivors (2048K)
 Metaspace       used 51359K, committed 51840K, reserved 1114112K
  class space    used 6806K, committed 7040K, reserved 1048576K
}
Event: 6.872 GC heap after
{Heap after GC invocations=25 (full 0):
 garbage-first heap   total 113664K, used 54819K [0x0000000080000000, 0x0000000100000000)
  region size 1024K, 4 young (4096K), 4 survivors (4096K)
 Metaspace       used 51359K, committed 51840K, reserved 1114112K
  class space    used 6806K, committed 7040K, reserved 1048576K
}
Event: 7.041 GC heap before
{Heap before GC invocations=26 (full 0):
 garbage-first heap   total 113664K, used 88611K [0x0000000080000000, 0x0000000100000000)
  region size 1024K, 37 young (37888K), 4 survivors (4096K)
 Metaspace       used 51454K, committed 51904K, reserved 1114112K
  class space    used 6802K, committed 7040K, reserved 1048576K
}
Event: 7.044 GC heap after
{Heap after GC invocations=27 (full 0):
 garbage-first heap   total 113664K, used 54172K [0x0000000080000000, 0x0000000100000000)
  region size 1024K, 4 young (4096K), 4 survivors (4096K)
 Metaspace       used 51454K, committed 51904K, reserved 1114112K
  class space    used 6802K, committed 7040K, reserved 1048576K
}

